app/build/intermediates/manifest_merge_blame_file/debug/manifest-merger-blame-debug-report.txt
1<?xml version="1.0" encoding="utf-8"?>
2<manifest xmlns:android="http://schemas.android.com/apk/res/android"
3    package="com.preview.planner"
4    android:versionCode="1"
5    android:versionName="1.0" >
6
7    <uses-sdk
8        android:minSdkVersion="16"
8-->src/main/AndroidManifest.xml
9        android:targetSdkVersion="28" />
9-->src/main/AndroidManifest.xml
10
11    <uses-permission android:name="android.permission.GET_ACCOUNTS" />
11-->src/main/AndroidManifest.xml:4:5-70
11-->src/main/AndroidManifest.xml:4:22-68
12    <uses-permission android:name="android.permission.INTERNET" />
12-->src/main/AndroidManifest.xml:5:5-66
12-->src/main/AndroidManifest.xml:5:22-64
13    <uses-permission android:name="android.permission.READ_EXTERNAL_STORAGE" />
13-->src/main/AndroidManifest.xml:6:5-79
13-->src/main/AndroidManifest.xml:6:22-77
14    <uses-permission android:name="android.permission.WRITE_EXTERNAL_STORAGE" />
14-->src/main/AndroidManifest.xml:7:5-80
14-->src/main/AndroidManifest.xml:7:22-78
15    <uses-permission android:name="android.permission.CAMERA" />
15-->[com.github.esafirm.android-image-picker:imagepicker:2.1.0] AndroidManifest.xml:13:5-65
15-->[com.github.esafirm.android-image-picker:imagepicker:2.1.0] AndroidManifest.xml:13:22-62
16
17    <application
17-->src/main/AndroidManifest.xml:8:5-33:19
18        android:name="com.preview.planner.UILApplication"
18-->src/main/AndroidManifest.xml:14:9-58
19        android:allowBackup="true"
19-->src/main/AndroidManifest.xml:9:9-35
20        android:appComponentFactory="androidx.core.app.CoreComponentFactory"
20-->[androidx.core:core:1.1.0] AndroidManifest.xml:24:18-86
21        android:debuggable="true"
22        android:icon="@mipmap/ic_launcher"
22-->src/main/AndroidManifest.xml:10:9-43
23        android:label="@string/app_name"
23-->src/main/AndroidManifest.xml:11:9-41
24        android:roundIcon="@mipmap/ic_launcher_round"
24-->src/main/AndroidManifest.xml:12:9-54
25        android:supportsRtl="true"
25-->src/main/AndroidManifest.xml:13:9-35
26        android:theme="@style/AppTheme" >
26-->src/main/AndroidManifest.xml:15:9-40
27        <activity
27-->src/main/AndroidManifest.xml:16:9-23:20
28            android:name="com.travels.searchtravels.activity.MainActivity"
28-->src/main/AndroidManifest.xml:16:19-56
29            android:screenOrientation="portrait" >
29-->src/main/AndroidManifest.xml:17:13-49
30            <intent-filter>
30-->src/main/AndroidManifest.xml:18:13-22:29
31                <action android:name="android.intent.action.MAIN" />
31-->src/main/AndroidManifest.xml:19:17-69
31-->src/main/AndroidManifest.xml:19:25-66
32
33                <category android:name="android.intent.category.LAUNCHER" />
33-->src/main/AndroidManifest.xml:21:17-77
33-->src/main/AndroidManifest.xml:21:27-74
34            </intent-filter>
35        </activity>
36        <activity
36-->src/main/AndroidManifest.xml:24:9-27:20
37            android:name="com.travels.searchtravels.activity.DetailsActivity"
37-->src/main/AndroidManifest.xml:24:19-59
38            android:screenOrientation="portrait" >
38-->src/main/AndroidManifest.xml:25:13-49
39        </activity>
40        <activity
40-->src/main/AndroidManifest.xml:28:9-31:20
41            android:name="com.travels.searchtravels.activity.ChipActivity"
41-->src/main/AndroidManifest.xml:28:19-56
42            android:screenOrientation="portrait" >
42-->src/main/AndroidManifest.xml:29:13-49
43        </activity>
44        <activity
44-->[com.github.esafirm.android-image-picker:rximagepicker:2.1.0] AndroidManifest.xml:12:9-16:75
45            android:name="com.esafirm.rximagepicker.ShadowActivity"
45-->[com.github.esafirm.android-image-picker:rximagepicker:2.1.0] AndroidManifest.xml:13:13-68
46            android:configChanges="keyboard|keyboardHidden|orientation|screenSize|screenLayout|smallestScreenSize|uiMode"
46-->[com.github.esafirm.android-image-picker:rximagepicker:2.1.0] AndroidManifest.xml:14:13-122
47            android:launchMode="singleTop"
47-->[com.github.esafirm.android-image-picker:rximagepicker:2.1.0] AndroidManifest.xml:15:13-43
48            android:theme="@android:style/Theme.Translucent.NoTitleBar" />
48-->[com.github.esafirm.android-image-picker:rximagepicker:2.1.0] AndroidManifest.xml:16:13-72
49        <activity
49-->[com.github.esafirm.android-image-picker:imagepicker:2.1.0] AndroidManifest.xml:16:9-19:50
50            android:name="com.esafirm.imagepicker.features.ImagePickerActivity"
50-->[com.github.esafirm.android-image-picker:imagepicker:2.1.0] AndroidManifest.xml:17:13-80
51            android:configChanges="orientation|screenSize"
51-->[com.github.esafirm.android-image-picker:imagepicker:2.1.0] AndroidManifest.xml:18:13-59
52            android:theme="@style/ef_AppTheme" />
52-->[com.github.esafirm.android-image-picker:imagepicker:2.1.0] AndroidManifest.xml:19:13-47
53
54        <provider
54-->[com.github.esafirm.android-image-picker:imagepicker:2.1.0] AndroidManifest.xml:21:9-29:20
55            android:name="com.esafirm.imagepicker.helper.ImagePickerFileProvider"
55-->[com.github.esafirm.android-image-picker:imagepicker:2.1.0] AndroidManifest.xml:22:13-82
56            android:authorities="com.preview.planner.imagepicker.provider"
56-->[com.github.esafirm.android-image-picker:imagepicker:2.1.0] AndroidManifest.xml:23:13-72
57            android:exported="false"
57-->[com.github.esafirm.android-image-picker:imagepicker:2.1.0] AndroidManifest.xml:24:13-37
58            android:grantUriPermissions="true" >
58-->[com.github.esafirm.android-image-picker:imagepicker:2.1.0] AndroidManifest.xml:25:13-47
59            <meta-data
59-->[com.github.esafirm.android-image-picker:imagepicker:2.1.0] AndroidManifest.xml:26:13-28:71
60                android:name="android.support.FILE_PROVIDER_PATHS"
60-->[com.github.esafirm.android-image-picker:imagepicker:2.1.0] AndroidManifest.xml:27:17-67
61                android:resource="@xml/image_picker_provider_paths" />
61-->[com.github.esafirm.android-image-picker:imagepicker:2.1.0] AndroidManifest.xml:28:17-68
62        </provider>
63        <provider
63-->[com.squareup.picasso:picasso:2.71828] AndroidManifest.xml:8:9-11:40
64            android:name="com.squareup.picasso.PicassoProvider"
64-->[com.squareup.picasso:picasso:2.71828] AndroidManifest.xml:9:13-64
65            android:authorities="com.preview.planner.com.squareup.picasso"
65-->[com.squareup.picasso:picasso:2.71828] AndroidManifest.xml:10:13-72
66            android:exported="false" />
66-->[com.squareup.picasso:picasso:2.71828] AndroidManifest.xml:11:13-37
67
68        <activity
68-->[com.google.android.gms:play-services-auth:11.8.0] AndroidManifest.xml:23:9-27:75
69            android:name="com.google.android.gms.auth.api.signin.internal.SignInHubActivity"
69-->[com.google.android.gms:play-services-auth:11.8.0] AndroidManifest.xml:24:13-93
70            android:excludeFromRecents="true"
70-->[com.google.android.gms:play-services-auth:11.8.0] AndroidManifest.xml:25:13-46
71            android:exported="false"
71-->[com.google.android.gms:play-services-auth:11.8.0] AndroidManifest.xml:26:13-37
72            android:theme="@android:style/Theme.Translucent.NoTitleBar" />
72-->[com.google.android.gms:play-services-auth:11.8.0] AndroidManifest.xml:27:13-72
73        <!--
74            Service handling Google Sign-In user revocation. For apps that do not integrate with
75            Google Sign-In, this service will never be started.
76        -->
77        <service
77-->[com.google.android.gms:play-services-auth:11.8.0] AndroidManifest.xml:33:9-36:110
78            android:name="com.google.android.gms.auth.api.signin.RevocationBoundService"
78-->[com.google.android.gms:play-services-auth:11.8.0] AndroidManifest.xml:34:13-89
79            android:exported="true"
79-->[com.google.android.gms:play-services-auth:11.8.0] AndroidManifest.xml:35:13-36
80            android:permission="com.google.android.gms.auth.api.signin.permission.REVOCATION_NOTIFICATION" />
80-->[com.google.android.gms:play-services-auth:11.8.0] AndroidManifest.xml:36:13-107
81
82        <activity
82-->[com.google.android.gms:play-services-base:11.8.0] AndroidManifest.xml:23:9-26:75
83            android:name="com.google.android.gms.common.api.GoogleApiActivity"
83-->[com.google.android.gms:play-services-base:11.8.0] AndroidManifest.xml:24:13-79
84            android:exported="false"
84-->[com.google.android.gms:play-services-base:11.8.0] AndroidManifest.xml:25:13-37
85            android:theme="@android:style/Theme.Translucent.NoTitleBar" />
85-->[com.google.android.gms:play-services-base:11.8.0] AndroidManifest.xml:26:13-72
86
87        <meta-data
87-->[com.google.android.gms:play-services-basement:11.8.0] AndroidManifest.xml:23:9-25:69
88            android:name="com.google.android.gms.version"
88-->[com.google.android.gms:play-services-basement:11.8.0] AndroidManifest.xml:24:13-58
89            android:value="@integer/google_play_services_version" />
89-->[com.google.android.gms:play-services-basement:11.8.0] AndroidManifest.xml:25:13-66
90    </application>
91
92</manifest>